Analysis & Synthesis report for sorter
Thu Oct 14 19:36:49 2021
Quartus Prime Version 18.1.0 Build 625 09/12/2018 SJ Lite Edition


---------------------
; Table of Contents ;
---------------------
  1. Legal Notice
  2. Analysis & Synthesis Summary
  3. Analysis & Synthesis Settings
  4. Parallel Compilation
  5. Analysis & Synthesis Messages



----------------
; Legal Notice ;
----------------
Copyright (C) 2018  Intel Corporation. All rights reserved.
Your use of Intel Corporation's design tools, logic functions 
and other software and tools, and its AMPP partner logic 
functions, and any output files from any of the foregoing 
(including device programming or simulation files), and any 
associated documentation or information are expressly subject 
to the terms and conditions of the Intel Program License 
Subscription Agreement, the Intel Quartus Prime License Agreement,
the Intel FPGA IP License Agreement, or other applicable license
agreement, including, without limitation, that your use is for
the sole purpose of programming logic devices manufactured by
Intel and sold by Intel or its authorized distributors.  Please
refer to the applicable agreement for further details.



+---------------------------------------------------------------------------+
; Analysis & Synthesis Summary                                              ;
+-----------------------------+---------------------------------------------+
; Analysis & Synthesis Status ; Failed - Thu Oct 14 19:36:49 2021           ;
; Quartus Prime Version       ; 18.1.0 Build 625 09/12/2018 SJ Lite Edition ;
; Revision Name               ; sorter                                      ;
; Top-level Entity Name       ; sorter                                      ;
; Family                      ; Cyclone V                                   ;
; Logic utilization (in ALMs) ; N/A until Partition Merge                   ;
; Total registers             ; N/A until Partition Merge                   ;
; Total pins                  ; N/A until Partition Merge                   ;
; Total virtual pins          ; N/A until Partition Merge                   ;
; Total block memory bits     ; N/A until Partition Merge                   ;
; Total PLLs                  ; N/A until Partition Merge                   ;
; Total DLLs                  ; N/A until Partition Merge                   ;
+-----------------------------+---------------------------------------------+


+---------------------------------------------------------------------------------------------------------------------------+
; Analysis & Synthesis Settings                                                                                             ;
+---------------------------------------------------------------------------------+--------------------+--------------------+
; Option                                                                          ; Setting            ; Default Value      ;
+---------------------------------------------------------------------------------+--------------------+--------------------+
; Device                                                                          ; 5CSEMA5F31C6       ;                    ;
; Top-level entity name                                                           ; sorter             ; sorter             ;
; Family name                                                                     ; Cyclone V          ; Cyclone V          ;
; Maximum processors allowed for parallel compilation                             ; All                ;                    ;
; Use smart compilation                                                           ; Off                ; Off                ;
; Enable parallel Assembler and Timing Analyzer during compilation                ; On                 ; On                 ;
; Enable compact report table                                                     ; Off                ; Off                ;
; Restructure Multiplexers                                                        ; Auto               ; Auto               ;
; MLAB Add Timing Constraints For Mixed-Port Feed-Through Mode Setting Don't Care ; Off                ; Off                ;
; Create Debugging Nodes for IP Cores                                             ; Off                ; Off                ;
; Preserve fewer node names                                                       ; On                 ; On                 ;
; Intel FPGA IP Evaluation Mode                                                   ; Enable             ; Enable             ;
; Verilog Version                                                                 ; Verilog_2001       ; Verilog_2001       ;
; VHDL Version                                                                    ; VHDL_1993          ; VHDL_1993          ;
; State Machine Processing                                                        ; Auto               ; Auto               ;
; Safe State Machine                                                              ; Off                ; Off                ;
; Extract Verilog State Machines                                                  ; On                 ; On                 ;
; Extract VHDL State Machines                                                     ; On                 ; On                 ;
; Ignore Verilog initial constructs                                               ; Off                ; Off                ;
; Iteration limit for constant Verilog loops                                      ; 5000               ; 5000               ;
; Iteration limit for non-constant Verilog loops                                  ; 250                ; 250                ;
; Add Pass-Through Logic to Inferred RAMs                                         ; On                 ; On                 ;
; Infer RAMs from Raw Logic                                                       ; On                 ; On                 ;
; Parallel Synthesis                                                              ; On                 ; On                 ;
; DSP Block Balancing                                                             ; Auto               ; Auto               ;
; NOT Gate Push-Back                                                              ; On                 ; On                 ;
; Power-Up Don't Care                                                             ; On                 ; On                 ;
; Remove Redundant Logic Cells                                                    ; Off                ; Off                ;
; Remove Duplicate Registers                                                      ; On                 ; On                 ;
; Ignore CARRY Buffers                                                            ; Off                ; Off                ;
; Ignore CASCADE Buffers                                                          ; Off                ; Off                ;
; Ignore GLOBAL Buffers                                                           ; Off                ; Off                ;
; Ignore ROW GLOBAL Buffers                                                       ; Off                ; Off                ;
; Ignore LCELL Buffers                                                            ; Off                ; Off                ;
; Ignore SOFT Buffers                                                             ; On                 ; On                 ;
; Limit AHDL Integers to 32 Bits                                                  ; Off                ; Off                ;
; Optimization Technique                                                          ; Balanced           ; Balanced           ;
; Carry Chain Length                                                              ; 70                 ; 70                 ;
; Auto Carry Chains                                                               ; On                 ; On                 ;
; Auto Open-Drain Pins                                                            ; On                 ; On                 ;
; Perform WYSIWYG Primitive Resynthesis                                           ; Off                ; Off                ;
; Auto ROM Replacement                                                            ; On                 ; On                 ;
; Auto RAM Replacement                                                            ; On                 ; On                 ;
; Auto DSP Block Replacement                                                      ; On                 ; On                 ;
; Auto Shift Register Replacement                                                 ; Auto               ; Auto               ;
; Allow Shift Register Merging across Hierarchies                                 ; Auto               ; Auto               ;
; Auto Clock Enable Replacement                                                   ; On                 ; On                 ;
; Strict RAM Replacement                                                          ; Off                ; Off                ;
; Allow Synchronous Control Signals                                               ; On                 ; On                 ;
; Force Use of Synchronous Clear Signals                                          ; Off                ; Off                ;
; Auto Resource Sharing                                                           ; Off                ; Off                ;
; Allow Any RAM Size For Recognition                                              ; Off                ; Off                ;
; Allow Any ROM Size For Recognition                                              ; Off                ; Off                ;
; Allow Any Shift Register Size For Recognition                                   ; Off                ; Off                ;
; Use LogicLock Constraints during Resource Balancing                             ; On                 ; On                 ;
; Ignore translate_off and synthesis_off directives                               ; Off                ; Off                ;
; Timing-Driven Synthesis                                                         ; On                 ; On                 ;
; Report Parameter Settings                                                       ; On                 ; On                 ;
; Report Source Assignments                                                       ; On                 ; On                 ;
; Report Connectivity Checks                                                      ; On                 ; On                 ;
; Ignore Maximum Fan-Out Assignments                                              ; Off                ; Off                ;
; Synchronization Register Chain Length                                           ; 3                  ; 3                  ;
; Power Optimization During Synthesis                                             ; Normal compilation ; Normal compilation ;
; HDL message level                                                               ; Level2             ; Level2             ;
; Suppress Register Optimization Related Messages                                 ; Off                ; Off                ;
; Number of Removed Registers Reported in Synthesis Report                        ; 5000               ; 5000               ;
; Number of Swept Nodes Reported in Synthesis Report                              ; 5000               ; 5000               ;
; Number of Inverted Registers Reported in Synthesis Report                       ; 100                ; 100                ;
; Clock MUX Protection                                                            ; On                 ; On                 ;
; Auto Gated Clock Conversion                                                     ; Off                ; Off                ;
; Block Design Naming                                                             ; Auto               ; Auto               ;
; SDC constraint protection                                                       ; Off                ; Off                ;
; Synthesis Effort                                                                ; Auto               ; Auto               ;
; Shift Register Replacement - Allow Asynchronous Clear Signal                    ; On                 ; On                 ;
; Pre-Mapping Resynthesis Optimization                                            ; Off                ; Off                ;
; Analysis & Synthesis Message Level                                              ; Medium             ; Medium             ;
; Disable Register Merging Across Hierarchies                                     ; Auto               ; Auto               ;
; Resource Aware Inference For Block RAM                                          ; On                 ; On                 ;
; Automatic Parallel Synthesis                                                    ; On                 ; On                 ;
; Partial Reconfiguration Bitstream ID                                            ; Off                ; Off                ;
+---------------------------------------------------------------------------------+--------------------+--------------------+


+------------------------------------------+
; Parallel Compilation                     ;
+----------------------------+-------------+
; Processors                 ; Number      ;
+----------------------------+-------------+
; Number detected on machine ; 8           ;
; Maximum allowed            ; 4           ;
;                            ;             ;
; Average used               ; 1.00        ;
; Maximum used               ; 1           ;
;                            ;             ;
; Usage by Processor         ; % Time Used ;
;     Processor 1            ; 100.0%      ;
+----------------------------+-------------+


+-------------------------------+
; Analysis & Synthesis Messages ;
+-------------------------------+
Info: *******************************************************************
Info: Running Quartus Prime Analysis & Synthesis
    Info: Version 18.1.0 Build 625 09/12/2018 SJ Lite Edition
    Info: Processing started: Thu Oct 14 19:36:34 2021
Info: Command: quartus_map --read_settings_files=on --write_settings_files=off sorter -c sorter
Info (20030): Parallel compilation is enabled and will use 4 of the 4 processors detected
Info (12021): Found 2 design units, including 1 entities, in source file sorter.vhd
    Info (12022): Found design unit 1: sorter-estruct File: D:/2021-2/Arquitectura/labo2/sort-lab/sorter.vhd Line: 18
    Info (12023): Found entity 1: sorter File: D:/2021-2/Arquitectura/labo2/sort-lab/sorter.vhd Line: 5
Info (12021): Found 2 design units, including 1 entities, in source file datapath.vhd
    Info (12022): Found design unit 1: datapath-behav File: D:/2021-2/Arquitectura/labo2/sort-lab/datapath.vhd Line: 18
    Info (12023): Found entity 1: datapath File: D:/2021-2/Arquitectura/labo2/sort-lab/datapath.vhd Line: 6
Info (12021): Found 2 design units, including 1 entities, in source file controlador.vhd
    Info (12022): Found design unit 1: controlador-behav File: D:/2021-2/Arquitectura/labo2/sort-lab/controlador.vhd Line: 19
    Info (12023): Found entity 1: controlador File: D:/2021-2/Arquitectura/labo2/sort-lab/controlador.vhd Line: 8
Info (12127): Elaborating entity "sorter" for the top level hierarchy
Info (12128): Elaborating entity "datapath" for hierarchy "datapath:datos" File: D:/2021-2/Arquitectura/labo2/sort-lab/sorter.vhd Line: 46
Info (12128): Elaborating entity "controlador" for hierarchy "controlador:control" File: D:/2021-2/Arquitectura/labo2/sort-lab/sorter.vhd Line: 57
Warning (10631): VHDL Process Statement warning at controlador.vhd(29): inferring latch(es) for signal or variable "cj", which holds its previous value in one or more paths through the process File: D:/2021-2/Arquitectura/labo2/sort-lab/controlador.vhd Line: 29
Warning (10631): VHDL Process Statement warning at controlador.vhd(29): inferring latch(es) for signal or variable "ci", which holds its previous value in one or more paths through the process File: D:/2021-2/Arquitectura/labo2/sort-lab/controlador.vhd Line: 29
Warning (10631): VHDL Process Statement warning at controlador.vhd(29): inferring latch(es) for signal or variable "control", which holds its previous value in one or more paths through the process File: D:/2021-2/Arquitectura/labo2/sort-lab/controlador.vhd Line: 29
Warning (10631): VHDL Process Statement warning at controlador.vhd(29): inferring latch(es) for signal or variable "done", which holds its previous value in one or more paths through the process File: D:/2021-2/Arquitectura/labo2/sort-lab/controlador.vhd Line: 29
Warning (10631): VHDL Process Statement warning at controlador.vhd(47): inferring latch(es) for signal or variable "ci", which holds its previous value in one or more paths through the process File: D:/2021-2/Arquitectura/labo2/sort-lab/controlador.vhd Line: 47
Warning (10631): VHDL Process Statement warning at controlador.vhd(47): inferring latch(es) for signal or variable "cj", which holds its previous value in one or more paths through the process File: D:/2021-2/Arquitectura/labo2/sort-lab/controlador.vhd Line: 47
Warning (10631): VHDL Process Statement warning at controlador.vhd(47): inferring latch(es) for signal or variable "next_state", which holds its previous value in one or more paths through the process File: D:/2021-2/Arquitectura/labo2/sort-lab/controlador.vhd Line: 47
Info (10041): Inferred latch for "next_state.S7" at controlador.vhd(47) File: D:/2021-2/Arquitectura/labo2/sort-lab/controlador.vhd Line: 47
Info (10041): Inferred latch for "next_state.S6" at controlador.vhd(47) File: D:/2021-2/Arquitectura/labo2/sort-lab/controlador.vhd Line: 47
Info (10041): Inferred latch for "next_state.S5" at controlador.vhd(47) File: D:/2021-2/Arquitectura/labo2/sort-lab/controlador.vhd Line: 47
Info (10041): Inferred latch for "next_state.S4" at controlador.vhd(47) File: D:/2021-2/Arquitectura/labo2/sort-lab/controlador.vhd Line: 47
Info (10041): Inferred latch for "next_state.S3" at controlador.vhd(47) File: D:/2021-2/Arquitectura/labo2/sort-lab/controlador.vhd Line: 47
Info (10041): Inferred latch for "next_state.S2" at controlador.vhd(47) File: D:/2021-2/Arquitectura/labo2/sort-lab/controlador.vhd Line: 47
Info (10041): Inferred latch for "next_state.S1" at controlador.vhd(47) File: D:/2021-2/Arquitectura/labo2/sort-lab/controlador.vhd Line: 47
Info (10041): Inferred latch for "next_state.S0" at controlador.vhd(47) File: D:/2021-2/Arquitectura/labo2/sort-lab/controlador.vhd Line: 47
Info (10041): Inferred latch for "cj[0]" at controlador.vhd(47) File: D:/2021-2/Arquitectura/labo2/sort-lab/controlador.vhd Line: 47
Info (10041): Inferred latch for "cj[1]" at controlador.vhd(47) File: D:/2021-2/Arquitectura/labo2/sort-lab/controlador.vhd Line: 47
Info (10041): Inferred latch for "cj[2]" at controlador.vhd(47) File: D:/2021-2/Arquitectura/labo2/sort-lab/controlador.vhd Line: 47
Info (10041): Inferred latch for "ci[0]" at controlador.vhd(47) File: D:/2021-2/Arquitectura/labo2/sort-lab/controlador.vhd Line: 47
Info (10041): Inferred latch for "ci[1]" at controlador.vhd(47) File: D:/2021-2/Arquitectura/labo2/sort-lab/controlador.vhd Line: 47
Info (10041): Inferred latch for "ci[2]" at controlador.vhd(47) File: D:/2021-2/Arquitectura/labo2/sort-lab/controlador.vhd Line: 47
Info (10041): Inferred latch for "done" at controlador.vhd(29) File: D:/2021-2/Arquitectura/labo2/sort-lab/controlador.vhd Line: 29
Info (10041): Inferred latch for "control[0]" at controlador.vhd(29) File: D:/2021-2/Arquitectura/labo2/sort-lab/controlador.vhd Line: 29
Info (10041): Inferred latch for "control[1]" at controlador.vhd(29) File: D:/2021-2/Arquitectura/labo2/sort-lab/controlador.vhd Line: 29
Info (10041): Inferred latch for "control[2]" at controlador.vhd(29) File: D:/2021-2/Arquitectura/labo2/sort-lab/controlador.vhd Line: 29
Info (10041): Inferred latch for "ci[0]" at controlador.vhd(29) File: D:/2021-2/Arquitectura/labo2/sort-lab/controlador.vhd Line: 29
Info (10041): Inferred latch for "ci[1]" at controlador.vhd(29) File: D:/2021-2/Arquitectura/labo2/sort-lab/controlador.vhd Line: 29
Info (10041): Inferred latch for "ci[2]" at controlador.vhd(29) File: D:/2021-2/Arquitectura/labo2/sort-lab/controlador.vhd Line: 29
Info (10041): Inferred latch for "cj[0]" at controlador.vhd(29) File: D:/2021-2/Arquitectura/labo2/sort-lab/controlador.vhd Line: 29
Info (10041): Inferred latch for "cj[1]" at controlador.vhd(29) File: D:/2021-2/Arquitectura/labo2/sort-lab/controlador.vhd Line: 29
Info (10041): Inferred latch for "cj[2]" at controlador.vhd(29) File: D:/2021-2/Arquitectura/labo2/sort-lab/controlador.vhd Line: 29
Error (10028): Can't resolve multiple constant drivers for net "control[2]" at controlador.vhd(49) File: D:/2021-2/Arquitectura/labo2/sort-lab/controlador.vhd Line: 49
Error (10029): Constant driver at controlador.vhd(29) File: D:/2021-2/Arquitectura/labo2/sort-lab/controlador.vhd Line: 29
Error (10028): Can't resolve multiple constant drivers for net "control[1]" at controlador.vhd(49) File: D:/2021-2/Arquitectura/labo2/sort-lab/controlador.vhd Line: 49
Error (10028): Can't resolve multiple constant drivers for net "control[0]" at controlador.vhd(49) File: D:/2021-2/Arquitectura/labo2/sort-lab/controlador.vhd Line: 49
Error (10028): Can't resolve multiple constant drivers for net "done" at controlador.vhd(47) File: D:/2021-2/Arquitectura/labo2/sort-lab/controlador.vhd Line: 47
Error (10028): Can't resolve multiple constant drivers for net "cj[2]" at controlador.vhd(47) File: D:/2021-2/Arquitectura/labo2/sort-lab/controlador.vhd Line: 47
Error (10028): Can't resolve multiple constant drivers for net "cj[1]" at controlador.vhd(47) File: D:/2021-2/Arquitectura/labo2/sort-lab/controlador.vhd Line: 47
Error (10028): Can't resolve multiple constant drivers for net "cj[0]" at controlador.vhd(47) File: D:/2021-2/Arquitectura/labo2/sort-lab/controlador.vhd Line: 47
Error (10028): Can't resolve multiple constant drivers for net "ci[2]" at controlador.vhd(47) File: D:/2021-2/Arquitectura/labo2/sort-lab/controlador.vhd Line: 47
Error (10028): Can't resolve multiple constant drivers for net "ci[1]" at controlador.vhd(47) File: D:/2021-2/Arquitectura/labo2/sort-lab/controlador.vhd Line: 47
Error (10028): Can't resolve multiple constant drivers for net "ci[0]" at controlador.vhd(47) File: D:/2021-2/Arquitectura/labo2/sort-lab/controlador.vhd Line: 47
Error (12152): Can't elaborate user hierarchy "controlador:control" File: D:/2021-2/Arquitectura/labo2/sort-lab/sorter.vhd Line: 57
Error: Quartus Prime Analysis & Synthesis was unsuccessful. 12 errors, 7 warnings
    Error: Peak virtual memory: 4836 megabytes
    Error: Processing ended: Thu Oct 14 19:36:49 2021
    Error: Elapsed time: 00:00:15
    Error: Total CPU time (on all processors): 00:00:32


